09-Jul-2020 10:01:55.782 資訊 [main] org.apache.catalina.startup.VersionLoggerListener.log Server version name:   Apache Tomcat/9.0.37
09-Jul-2020 10:01:55.788 資訊 [main] org.apache.catalina.startup.VersionLoggerListener.log Server built:          Jun 30 2020 20:09:49 UTC
09-Jul-2020 10:01:55.788 資訊 [main] org.apache.catalina.startup.VersionLoggerListener.log Server version number: 9.0.37.0
09-Jul-2020 10:01:55.788 資訊 [main] org.apache.catalina.startup.VersionLoggerListener.log OS Name:               Mac OS X
09-Jul-2020 10:01:55.788 資訊 [main] org.apache.catalina.startup.VersionLoggerListener.log OS Version:            10.14.6
09-Jul-2020 10:01:55.789 資訊 [main] org.apache.catalina.startup.VersionLoggerListener.log Architecture:          x86_64
09-Jul-2020 10:01:55.789 資訊 [main] org.apache.catalina.startup.VersionLoggerListener.log Java Home:             /Library/Java/JavaVirtualMachines/jdk1.8.0_221.jdk/Contents/Home/jre
09-Jul-2020 10:01:55.789 資訊 [main] org.apache.catalina.startup.VersionLoggerListener.log JVM Version:           1.8.0_221-b11
09-Jul-2020 10:01:55.789 資訊 [main] org.apache.catalina.startup.VersionLoggerListener.log JVM Vendor:            Oracle Corporation
09-Jul-2020 10:01:55.789 資訊 [main] org.apache.catalina.startup.VersionLoggerListener.log CATALINA_BASE:         /Users/moontea/Documents/tomcat/apache-tomcat-9.0.37
09-Jul-2020 10:01:55.789 資訊 [main] org.apache.catalina.startup.VersionLoggerListener.log CATALINA_HOME:         /Users/moontea/Documents/tomcat/apache-tomcat-9.0.37
09-Jul-2020 10:01:55.801 資訊 [main] org.apache.catalina.startup.VersionLoggerListener.log Command line argument: -Djava.util.logging.config.file=/Users/moontea/Documents/tomcat/apache-tomcat-9.0.37/conf/logging.properties
09-Jul-2020 10:01:55.802 資訊 [main] org.apache.catalina.startup.VersionLoggerListener.log Command line argument: -Djava.util.logging.manager=org.apache.juli.ClassLoaderLogManager
09-Jul-2020 10:01:55.802 資訊 [main] org.apache.catalina.startup.VersionLoggerListener.log Command line argument: -Djdk.tls.ephemeralDHKeySize=2048
09-Jul-2020 10:01:55.802 資訊 [main] org.apache.catalina.startup.VersionLoggerListener.log Command line argument: -Djava.protocol.handler.pkgs=org.apache.catalina.webresources
09-Jul-2020 10:01:55.802 資訊 [main] org.apache.catalina.startup.VersionLoggerListener.log Command line argument: -Dorg.apache.catalina.security.SecurityListener.UMASK=0027
09-Jul-2020 10:01:55.802 資訊 [main] org.apache.catalina.startup.VersionLoggerListener.log Command line argument: -Dignore.endorsed.dirs=
09-Jul-2020 10:01:55.802 資訊 [main] org.apache.catalina.startup.VersionLoggerListener.log Command line argument: -Dcatalina.base=/Users/moontea/Documents/tomcat/apache-tomcat-9.0.37
09-Jul-2020 10:01:55.802 資訊 [main] org.apache.catalina.startup.VersionLoggerListener.log Command line argument: -Dcatalina.home=/Users/moontea/Documents/tomcat/apache-tomcat-9.0.37
09-Jul-2020 10:01:55.802 資訊 [main] org.apache.catalina.startup.VersionLoggerListener.log Command line argument: -Djava.io.tmpdir=/Users/moontea/Documents/tomcat/apache-tomcat-9.0.37/temp
09-Jul-2020 10:01:55.802 資訊 [main] org.apache.catalina.core.AprLifecycleListener.lifecycleEvent The Apache Tomcat Native library which allows using OpenSSL was not found on the java.library.path: [/Users/moontea/Library/Java/Extensions:/Library/Java/Extensions:/Network/Library/Java/Extensions:/System/Library/Java/Extensions:/usr/lib/java:.]
09-Jul-2020 10:01:56.308 資訊 [main] org.apache.coyote.AbstractProtocol.init Initializing ProtocolHandler ["http-nio-8080"]
09-Jul-2020 10:01:56.348 資訊 [main] org.apache.catalina.startup.Catalina.load Server initialization in [858] milliseconds
09-Jul-2020 10:01:56.378 資訊 [main] org.apache.catalina.core.StandardService.startInternal Starting service [Catalina]
09-Jul-2020 10:01:56.378 資訊 [main] org.apache.catalina.core.StandardEngine.startInternal Starting Servlet engine: [Apache Tomcat/9.0.37]
09-Jul-2020 10:01:56.387 資訊 [main] org.apache.catalina.startup.HostConfig.deployDirectory Deploying web application directory [/Users/moontea/Documents/tomcat/apache-tomcat-9.0.37/webapps/docs]
09-Jul-2020 10:01:56.674 資訊 [main] org.apache.catalina.startup.HostConfig.deployDirectory Deployment of web application directory [/Users/moontea/Documents/tomcat/apache-tomcat-9.0.37/webapps/docs] has finished in [287] ms
09-Jul-2020 10:01:56.675 資訊 [main] org.apache.catalina.startup.HostConfig.deployDirectory Deploying web application directory [/Users/moontea/Documents/tomcat/apache-tomcat-9.0.37/webapps/manager]
09-Jul-2020 10:01:56.702 資訊 [main] org.apache.catalina.startup.HostConfig.deployDirectory Deployment of web application directory [/Users/moontea/Documents/tomcat/apache-tomcat-9.0.37/webapps/manager] has finished in [27] ms
09-Jul-2020 10:01:56.702 資訊 [main] org.apache.catalina.startup.HostConfig.deployDirectory Deploying web application directory [/Users/moontea/Documents/tomcat/apache-tomcat-9.0.37/webapps/examples]
09-Jul-2020 10:01:56.949 資訊 [main] org.apache.catalina.startup.HostConfig.deployDirectory Deployment of web application directory [/Users/moontea/Documents/tomcat/apache-tomcat-9.0.37/webapps/examples] has finished in [247] ms
09-Jul-2020 10:01:56.949 資訊 [main] org.apache.catalina.startup.HostConfig.deployDirectory Deploying web application directory [/Users/moontea/Documents/tomcat/apache-tomcat-9.0.37/webapps/ROOT]
09-Jul-2020 10:01:56.965 資訊 [main] org.apache.catalina.startup.HostConfig.deployDirectory Deployment of web application directory [/Users/moontea/Documents/tomcat/apache-tomcat-9.0.37/webapps/ROOT] has finished in [16] ms
09-Jul-2020 10:01:56.966 資訊 [main] org.apache.catalina.startup.HostConfig.deployDirectory Deploying web application directory [/Users/moontea/Documents/tomcat/apache-tomcat-9.0.37/webapps/host-manager]
09-Jul-2020 10:01:56.983 資訊 [main] org.apache.catalina.startup.HostConfig.deployDirectory Deployment of web application directory [/Users/moontea/Documents/tomcat/apache-tomcat-9.0.37/webapps/host-manager] has finished in [17] ms
09-Jul-2020 10:01:56.987 資訊 [main] org.apache.coyote.AbstractProtocol.start Starting ProtocolHandler ["http-nio-8080"]
09-Jul-2020 10:01:56.997 資訊 [main] org.apache.catalina.startup.Catalina.start Server startup in [648] milliseconds
09-Jul-2020 10:01:57.001 嚴重 [main] org.apache.catalina.core.StandardServer.await Failed to create server shutdown socket on address [localhost] and port [8005] (base port [8005] and offset [0])
	java.net.BindException: Address already in use (Bind failed)
		at java.net.PlainSocketImpl.socketBind(Native Method)
		at java.net.AbstractPlainSocketImpl.bind(AbstractPlainSocketImpl.java:387)
		at java.net.ServerSocket.bind(ServerSocket.java:375)
		at java.net.ServerSocket.<init>(ServerSocket.java:237)
		at org.apache.catalina.core.StandardServer.await(StandardServer.java:584)
		at org.apache.catalina.startup.Catalina.await(Catalina.java:825)
		at org.apache.catalina.startup.Catalina.start(Catalina.java:771)
		at sun.reflect.NativeMethodAccessorImpl.invoke0(Native Method)
		at sun.reflect.NativeMethodAccessorImpl.invoke(NativeMethodAccessorImpl.java:62)
		at sun.reflect.DelegatingMethodAccessorImpl.invoke(DelegatingMethodAccessorImpl.java:43)
		at java.lang.reflect.Method.invoke(Method.java:498)
		at org.apache.catalina.startup.Bootstrap.start(Bootstrap.java:342)
		at org.apache.catalina.startup.Bootstrap.main(Bootstrap.java:473)
09-Jul-2020 10:01:57.002 資訊 [main] org.apache.coyote.AbstractProtocol.pause Pausing ProtocolHandler ["http-nio-8080"]
09-Jul-2020 10:01:57.012 資訊 [main] org.apache.catalina.core.StandardService.stopInternal Stopping service [Catalina]
09-Jul-2020 10:01:57.048 資訊 [main] org.apache.coyote.AbstractProtocol.stop Stopping ProtocolHandler ["http-nio-8080"]
09-Jul-2020 10:01:57.063 資訊 [main] org.apache.coyote.AbstractProtocol.destroy Destroying ProtocolHandler ["http-nio-8080"]
