09-Jul-2020 10:01:56.942 資訊 [main] org.apache.catalina.core.ApplicationContext.log ContextListener: contextInitialized()
09-Jul-2020 10:01:56.942 資訊 [main] org.apache.catalina.core.ApplicationContext.log SessionListener: contextInitialized()
09-Jul-2020 10:01:56.944 資訊 [main] org.apache.catalina.core.ApplicationContext.log ContextListener: attributeAdded('StockTicker', 'async.Stockticker@63070bab')
09-Jul-2020 10:01:57.034 資訊 [main] org.apache.catalina.core.ApplicationContext.log SessionListener: contextDestroyed()
09-Jul-2020 10:01:57.036 資訊 [main] org.apache.catalina.core.ApplicationContext.log ContextListener: contextDestroyed()
09-Jul-2020 10:02:21.998 資訊 [main] org.apache.catalina.core.ApplicationContext.log ContextListener: contextInitialized()
09-Jul-2020 10:02:21.998 資訊 [main] org.apache.catalina.core.ApplicationContext.log SessionListener: contextInitialized()
09-Jul-2020 10:02:21.999 資訊 [main] org.apache.catalina.core.ApplicationContext.log ContextListener: attributeAdded('StockTicker', 'async.Stockticker@68e5eea7')
09-Jul-2020 10:02:22.082 資訊 [main] org.apache.catalina.core.ApplicationContext.log SessionListener: contextDestroyed()
09-Jul-2020 10:02:22.082 資訊 [main] org.apache.catalina.core.ApplicationContext.log ContextListener: contextDestroyed()
09-Jul-2020 10:10:10.425 資訊 [main] org.apache.catalina.core.ApplicationContext.log ContextListener: contextInitialized()
09-Jul-2020 10:10:10.425 資訊 [main] org.apache.catalina.core.ApplicationContext.log SessionListener: contextInitialized()
09-Jul-2020 10:10:10.426 資訊 [main] org.apache.catalina.core.ApplicationContext.log ContextListener: attributeAdded('StockTicker', 'async.Stockticker@63070bab')
09-Jul-2020 14:58:17.320 資訊 [Catalina-utility-2] org.apache.catalina.core.ApplicationContext.log SessionListener: contextDestroyed()
09-Jul-2020 14:58:17.320 資訊 [Catalina-utility-2] org.apache.catalina.core.ApplicationContext.log ContextListener: contextDestroyed()
09-Jul-2020 14:59:18.081 資訊 [Catalina-utility-2] org.apache.catalina.core.ApplicationContext.log ContextListener: contextInitialized()
09-Jul-2020 14:59:18.082 資訊 [Catalina-utility-2] org.apache.catalina.core.ApplicationContext.log SessionListener: contextInitialized()
09-Jul-2020 14:59:18.082 資訊 [Catalina-utility-2] org.apache.catalina.core.ApplicationContext.log ContextListener: attributeAdded('StockTicker', 'async.Stockticker@f4d3258')
09-Jul-2020 14:59:28.131 資訊 [Catalina-utility-2] org.apache.catalina.core.ApplicationContext.log SessionListener: contextDestroyed()
09-Jul-2020 14:59:28.131 資訊 [Catalina-utility-2] org.apache.catalina.core.ApplicationContext.log ContextListener: contextDestroyed()
09-Jul-2020 14:59:28.785 資訊 [Catalina-utility-2] org.apache.catalina.core.ApplicationContext.log ContextListener: contextInitialized()
09-Jul-2020 14:59:28.785 資訊 [Catalina-utility-2] org.apache.catalina.core.ApplicationContext.log SessionListener: contextInitialized()
09-Jul-2020 14:59:28.786 資訊 [Catalina-utility-2] org.apache.catalina.core.ApplicationContext.log ContextListener: attributeAdded('StockTicker', 'async.Stockticker@200f874a')
09-Jul-2020 15:00:38.862 資訊 [Catalina-utility-1] org.apache.catalina.core.ApplicationContext.log SessionListener: contextDestroyed()
09-Jul-2020 15:00:38.862 資訊 [Catalina-utility-1] org.apache.catalina.core.ApplicationContext.log ContextListener: contextDestroyed()
09-Jul-2020 15:00:39.436 資訊 [Catalina-utility-1] org.apache.catalina.core.ApplicationContext.log ContextListener: contextInitialized()
09-Jul-2020 15:00:39.436 資訊 [Catalina-utility-1] org.apache.catalina.core.ApplicationContext.log SessionListener: contextInitialized()
09-Jul-2020 15:00:39.437 資訊 [Catalina-utility-1] org.apache.catalina.core.ApplicationContext.log ContextListener: attributeAdded('StockTicker', 'async.Stockticker@5801980e')
09-Jul-2020 15:00:49.478 資訊 [Catalina-utility-1] org.apache.catalina.core.ApplicationContext.log SessionListener: contextDestroyed()
09-Jul-2020 15:00:49.478 資訊 [Catalina-utility-1] org.apache.catalina.core.ApplicationContext.log ContextListener: contextDestroyed()
09-Jul-2020 15:00:50.000 資訊 [Catalina-utility-1] org.apache.catalina.core.ApplicationContext.log ContextListener: contextInitialized()
09-Jul-2020 15:00:50.000 資訊 [Catalina-utility-1] org.apache.catalina.core.ApplicationContext.log SessionListener: contextInitialized()
09-Jul-2020 15:00:50.002 資訊 [Catalina-utility-1] org.apache.catalina.core.ApplicationContext.log ContextListener: attributeAdded('StockTicker', 'async.Stockticker@6cfcb8bf')
09-Jul-2020 15:01:00.038 資訊 [Catalina-utility-1] org.apache.catalina.core.ApplicationContext.log SessionListener: contextDestroyed()
09-Jul-2020 15:01:00.038 資訊 [Catalina-utility-1] org.apache.catalina.core.ApplicationContext.log ContextListener: contextDestroyed()
09-Jul-2020 15:01:00.581 資訊 [Catalina-utility-1] org.apache.catalina.core.ApplicationContext.log ContextListener: contextInitialized()
09-Jul-2020 15:01:00.581 資訊 [Catalina-utility-1] org.apache.catalina.core.ApplicationContext.log SessionListener: contextInitialized()
09-Jul-2020 15:01:00.581 資訊 [Catalina-utility-1] org.apache.catalina.core.ApplicationContext.log ContextListener: attributeAdded('StockTicker', 'async.Stockticker@761ff832')
09-Jul-2020 23:31:40.900 資訊 [Thread-4] org.apache.catalina.core.ApplicationContext.log SessionListener: contextDestroyed()
09-Jul-2020 23:31:40.900 資訊 [Thread-4] org.apache.catalina.core.ApplicationContext.log ContextListener: contextDestroyed()
